# JRE version: Java(TM) SE Runtime Environment (8.0_05-b13) (build 1.8.0_05-b13)
# Java VM: Java HotSpot(TM) 64-Bit Server VM (25.5-b02 mixed mode bsd-amd64 compressed oops)
Heap:
 PSYoungGen      total 7680K, used 4448K [0x0000000795580000, 0x0000000796380000, 0x00000007c0000000)
  eden space 6144K, 47% used [0x0000000795580000,0x000000079585cdd0,0x0000000795b80000)
  from space 1536K, 98% used [0x0000000795b80000,0x0000000795cfb5b8,0x0000000795d00000)
  to   space 2048K, 0% used [0x0000000796180000,0x0000000796180000,0x0000000796380000)
 ParOldGen       total 129536K, used 2917K [0x0000000740000000, 0x0000000747e80000, 0x0000000795580000)
  object space 129536K, 2% used [0x0000000740000000,0x00000007402d9630,0x0000000747e80000)
 Metaspace       used 10350K, capacity 10576K, committed 10752K, reserved 1058816K
  class space    used 1191K, capacity 1250K, committed 1280K, reserved 1048576K
GC Heap History (10 events):
Event: 0.418 GC heap before
{Heap before GC invocations=7 (full 0):
 PSYoungGen      total 3072K, used 2819K [0x0000000795580000, 0x0000000795980000, 0x00000007c0000000)
  eden space 2048K, 100% used [0x0000000795580000,0x0000000795780000,0x0000000795780000)
  from space 1024K, 75% used [0x0000000795880000,0x0000000795940f70,0x0000000795980000)
  to   space 1024K, 0% used [0x0000000795780000,0x0000000795780000,0x0000000795880000)
 ParOldGen       total 129536K, used 641K [0x0000000740000000, 0x0000000747e80000, 0x0000000795580000)
  object space 129536K, 0% used [0x0000000740000000,0x00000007400a0730,0x0000000747e80000)
 Metaspace       used 6476K, capacity 6644K, committed 6784K, reserved 1056768K
  class space    used 735K, capacity 792K, committed 896K, reserved 1048576K
Event: 0.420 GC heap after
Heap after GC invocations=7 (full 0):
 PSYoungGen      total 3072K, used 903K [0x0000000795580000, 0x0000000795b80000, 0x00000007c0000000)
  eden space 2048K, 0% used [0x0000000795580000,0x0000000795580000,0x0000000795780000)
  from space 1024K, 88% used [0x0000000795780000,0x0000000795861df8,0x0000000795880000)
  to   space 1024K, 0% used [0x0000000795a80000,0x0000000795a80000,0x0000000795b80000)
 ParOldGen       total 129536K, used 973K [0x0000000740000000, 0x0000000747e80000, 0x0000000795580000)
  object space 129536K, 0% used [0x0000000740000000,0x00000007400f3790,0x0000000747e80000)
 Metaspace       used 6476K, capacity 6644K, committed 6784K, reserved 1056768K
  class space    used 735K, capacity 792K, committed 896K, reserved 1048576K
}
Event: 0.459 GC heap before
{Heap before GC invocations=8 (full 0):
 PSYoungGen      total 3072K, used 2951K [0x0000000795580000, 0x0000000795b80000, 0x00000007c0000000)
  eden space 2048K, 100% used [0x0000000795580000,0x0000000795780000,0x0000000795780000)
  from space 1024K, 88% used [0x0000000795780000,0x0000000795861df8,0x0000000795880000)
  to   space 1024K, 0% used [0x0000000795a80000,0x0000000795a80000,0x0000000795b80000)
 ParOldGen       total 129536K, used 973K [0x0000000740000000, 0x0000000747e80000, 0x0000000795580000)
  object space 129536K, 0% used [0x0000000740000000,0x00000007400f3790,0x0000000747e80000)
 Metaspace       used 6687K, capacity 6834K, committed 7040K, reserved 1056768K
  class space    used 757K, capacity 829K, committed 896K, reserved 1048576K
Event: 0.461 GC heap after
Heap after GC invocations=8 (full 0):
 PSYoungGen      total 4608K, used 1024K [0x0000000795580000, 0x0000000795c80000, 0x00000007c0000000)
  eden space 3584K, 0% used [0x0000000795580000,0x0000000795580000,0x0000000795900000)
  from space 1024K, 100% used [0x0000000795a80000,0x0000000795b80000,0x0000000795b80000)
  to   space 1536K, 0% used [0x0000000795900000,0x0000000795900000,0x0000000795a80000)
 ParOldGen       total 129536K, used 1131K [0x0000000740000000, 0x0000000747e80000, 0x0000000795580000)
  object space 129536K, 0% used [0x0000000740000000,0x000000074011ad10,0x0000000747e80000)
 Metaspace       used 6687K, capacity 6834K, committed 7040K, reserved 1056768K
  class space    used 757K, capacity 829K, committed 896K, reserved 1048576K
}
Event: 0.633 GC heap before
{Heap before GC invocations=9 (full 0):
 PSYoungGen      total 4608K, used 4608K [0x0000000795580000, 0x0000000795c80000, 0x00000007c0000000)
  eden space 3584K, 100% used [0x0000000795580000,0x0000000795900000,0x0000000795900000)
  from space 1024K, 100% used [0x0000000795a80000,0x0000000795b80000,0x0000000795b80000)
  to   space 1536K, 0% used [0x0000000795900000,0x0000000795900000,0x0000000795a80000)
 ParOldGen       total 129536K, used 1131K [0x0000000740000000, 0x0000000747e80000, 0x0000000795580000)
  object space 129536K, 0% used [0x0000000740000000,0x000000074011ad10,0x0000000747e80000)
 Metaspace       used 7217K, capacity 7384K, committed 7680K, reserved 1056768K
  class space    used 840K, capacity 926K, committed 1024K, reserved 1048576K
Event: 0.636 GC heap after
Heap after GC invocations=9 (full 0):
 PSYoungGen      total 5120K, used 1506K [0x0000000795580000, 0x0000000795e80000, 0x00000007c0000000)
  eden space 3584K, 0% used [0x0000000795580000,0x0000000795580000,0x0000000795900000)
  from space 1536K, 98% used [0x0000000795900000,0x0000000795a78ad8,0x0000000795a80000)
  to   space 1536K, 0% used [0x0000000795d00000,0x0000000795d00000,0x0000000795e80000)
 ParOldGen       total 129536K, used 1309K [0x0000000740000000, 0x0000000747e80000, 0x0000000795580000)
  object space 129536K, 1% used [0x0000000740000000,0x0000000740147798,0x0000000747e80000)
 Metaspace       used 7217K, capacity 7384K, committed 7680K, reserved 1056768K
  class space    used 840K, capacity 926K, committed 1024K, reserved 1048576K
}
Event: 0.968 GC heap before
{Heap before GC invocations=10 (full 0):
 PSYoungGen      total 5120K, used 5090K [0x0000000795580000, 0x0000000795e80000, 0x00000007c0000000)
  eden space 3584K, 100% used [0x0000000795580000,0x0000000795900000,0x0000000795900000)
  from space 1536K, 98% used [0x0000000795900000,0x0000000795a78ad8,0x0000000795a80000)
  to   space 1536K, 0% used [0x0000000795d00000,0x0000000795d00000,0x0000000795e80000)
 ParOldGen       total 129536K, used 1309K [0x0000000740000000, 0x0000000747e80000, 0x0000000795580000)
  object space 129536K, 1% used [0x0000000740000000,0x0000000740147798,0x0000000747e80000)
 Metaspace       used 8519K, capacity 8664K, committed 8832K, reserved 1056768K
  class space    used 993K, capacity 1054K, committed 1152K, reserved 1048576K
Event: 0.971 GC heap after
Heap after GC invocations=10 (full 0):
 PSYoungGen      total 7680K, used 1130K [0x0000000795580000, 0x0000000795e80000, 0x00000007c0000000)
  eden space 6144K, 0% used [0x0000000795580000,0x0000000795580000,0x0000000795b80000)
  from space 1536K, 73% used [0x0000000795d00000,0x0000000795e1a960,0x0000000795e80000)
  to   space 1536K, 0% used [0x0000000795b80000,0x0000000795b80000,0x0000000795d00000)
 ParOldGen       total 129536K, used 2217K [0x0000000740000000, 0x0000000747e80000, 0x0000000795580000)
  object space 129536K, 1% used [0x0000000740000000,0x000000074022a7a8,0x0000000747e80000)
 Metaspace       used 8519K, capacity 8664K, committed 8832K, reserved 1056768K
  class space    used 993K, capacity 1054K, committed 1152K, reserved 1048576K
}
Event: 1.107 GC heap before
{Heap before GC invocations=11 (full 0):
 PSYoungGen      total 7680K, used 7274K [0x0000000795580000, 0x0000000795e80000, 0x00000007c0000000)
  eden space 6144K, 100% used [0x0000000795580000,0x0000000795b80000,0x0000000795b80000)
  from space 1536K, 73% used [0x0000000795d00000,0x0000000795e1a960,0x0000000795e80000)
  to   space 1536K, 0% used [0x0000000795b80000,0x0000000795b80000,0x0000000795d00000)
 ParOldGen       total 129536K, used 2217K [0x0000000740000000, 0x0000000747e80000, 0x0000000795580000)
  object space 129536K, 1% used [0x0000000740000000,0x000000074022a7a8,0x0000000747e80000)
 Metaspace       used 8893K, capacity 9086K, committed 9344K, reserved 1056768K
  class space    used 1035K, capacity 1087K, committed 1152K, reserved 1048576K
Event: 1.110 GC heap after
Heap after GC invocations=11 (full 0):
 PSYoungGen      total 7680K, used 1517K [0x0000000795580000, 0x0000000796380000, 0x00000007c0000000)
  eden space 6144K, 0% used [0x0000000795580000,0x0000000795580000,0x0000000795b80000)
  from space 1536K, 98% used [0x0000000795b80000,0x0000000795cfb5b8,0x0000000795d00000)
  to   space 2048K, 0% used [0x0000000796180000,0x0000000796180000,0x0000000796380000)
 ParOldGen       total 129536K, used 2917K [0x0000000740000000, 0x0000000747e80000, 0x0000000795580000)
  object space 129536K, 2% used [0x0000000740000000,0x00000007402d9630,0x0000000747e80000)
 Metaspace       used 8893K, capacity 9086K, committed 9344K, reserved 1056768K
  class space    used 1035K, capacity 1087K, committed 1152K, reserved 1048576K
}

