# JRE version: Java(TM) SE Runtime Environment (8.0_05-b13) (build 1.8.0_05-b13)
# Java VM: Java HotSpot(TM) 64-Bit Server VM (25.5-b02 mixed mode bsd-amd64 compressed oops)
Heap:
 PSYoungGen      total 7680K, used 4517K [0x0000000795580000, 0x0000000796380000, 0x00000007c0000000)
  eden space 6144K, 48% used [0x0000000795580000,0x000000079586bd28,0x0000000795b80000)
  from space 1536K, 99% used [0x0000000795b80000,0x0000000795cfd9b8,0x0000000795d00000)
  to   space 2048K, 0% used [0x0000000796180000,0x0000000796180000,0x0000000796380000)
 ParOldGen       total 129536K, used 2878K [0x0000000740000000, 0x0000000747e80000, 0x0000000795580000)
  object space 129536K, 2% used [0x0000000740000000,0x00000007402cf9c8,0x0000000747e80000)
 Metaspace       used 10347K, capacity 10584K, committed 10752K, reserved 1058816K
  class space    used 1191K, capacity 1250K, committed 1280K, reserved 1048576K
GC Heap History (10 events):
Event: 0.534 GC heap before
{Heap before GC invocations=7 (full 0):
 PSYoungGen      total 3072K, used 2794K [0x0000000795580000, 0x0000000795980000, 0x00000007c0000000)
  eden space 2048K, 100% used [0x0000000795580000,0x0000000795780000,0x0000000795780000)
  from space 1024K, 72% used [0x0000000795880000,0x000000079593ab98,0x0000000795980000)
  to   space 1024K, 0% used [0x0000000795780000,0x0000000795780000,0x0000000795880000)
 ParOldGen       total 129536K, used 635K [0x0000000740000000, 0x0000000747e80000, 0x0000000795580000)
  object space 129536K, 0% used [0x0000000740000000,0x000000074009efa0,0x0000000747e80000)
 Metaspace       used 6492K, capacity 6652K, committed 6784K, reserved 1056768K
  class space    used 735K, capacity 792K, committed 896K, reserved 1048576K
Event: 0.538 GC heap after
Heap after GC invocations=7 (full 0):
 PSYoungGen      total 3072K, used 874K [0x0000000795580000, 0x0000000795b80000, 0x00000007c0000000)
  eden space 2048K, 0% used [0x0000000795580000,0x0000000795580000,0x0000000795780000)
  from space 1024K, 85% used [0x0000000795780000,0x000000079585ab50,0x0000000795880000)
  to   space 1024K, 0% used [0x0000000795a80000,0x0000000795a80000,0x0000000795b80000)
 ParOldGen       total 129536K, used 960K [0x0000000740000000, 0x0000000747e80000, 0x0000000795580000)
  object space 129536K, 0% used [0x0000000740000000,0x00000007400f0000,0x0000000747e80000)
 Metaspace       used 6492K, capacity 6652K, committed 6784K, reserved 1056768K
  class space    used 735K, capacity 792K, committed 896K, reserved 1048576K
}
Event: 0.583 GC heap before
{Heap before GC invocations=8 (full 0):
 PSYoungGen      total 3072K, used 2922K [0x0000000795580000, 0x0000000795b80000, 0x00000007c0000000)
  eden space 2048K, 100% used [0x0000000795580000,0x0000000795780000,0x0000000795780000)
  from space 1024K, 85% used [0x0000000795780000,0x000000079585ab50,0x0000000795880000)
  to   space 1024K, 0% used [0x0000000795a80000,0x0000000795a80000,0x0000000795b80000)
 ParOldGen       total 129536K, used 960K [0x0000000740000000, 0x0000000747e80000, 0x0000000795580000)
  object space 129536K, 0% used [0x0000000740000000,0x00000007400f0000,0x0000000747e80000)
 Metaspace       used 6689K, capacity 6842K, committed 7040K, reserved 1056768K
  class space    used 757K, capacity 829K, committed 896K, reserved 1048576K
Event: 0.586 GC heap after
Heap after GC invocations=8 (full 0):
 PSYoungGen      total 4608K, used 1024K [0x0000000795580000, 0x0000000795c80000, 0x00000007c0000000)
  eden space 3584K, 0% used [0x0000000795580000,0x0000000795580000,0x0000000795900000)
  from space 1024K, 100% used [0x0000000795a80000,0x0000000795b80000,0x0000000795b80000)
  to   space 1536K, 0% used [0x0000000795900000,0x0000000795900000,0x0000000795a80000)
 ParOldGen       total 129536K, used 1125K [0x0000000740000000, 0x0000000747e80000, 0x0000000795580000)
  object space 129536K, 0% used [0x0000000740000000,0x0000000740119580,0x0000000747e80000)
 Metaspace       used 6689K, capacity 6842K, committed 7040K, reserved 1056768K
  class space    used 757K, capacity 829K, committed 896K, reserved 1048576K
}
Event: 0.670 GC heap before
{Heap before GC invocations=9 (full 0):
 PSYoungGen      total 4608K, used 4608K [0x0000000795580000, 0x0000000795c80000, 0x00000007c0000000)
  eden space 3584K, 100% used [0x0000000795580000,0x0000000795900000,0x0000000795900000)
  from space 1024K, 100% used [0x0000000795a80000,0x0000000795b80000,0x0000000795b80000)
  to   space 1536K, 0% used [0x0000000795900000,0x0000000795900000,0x0000000795a80000)
 ParOldGen       total 129536K, used 1125K [0x0000000740000000, 0x0000000747e80000, 0x0000000795580000)
  object space 129536K, 0% used [0x0000000740000000,0x0000000740119580,0x0000000747e80000)
 Metaspace       used 7217K, capacity 7360K, committed 7552K, reserved 1056768K
  class space    used 838K, capacity 894K, committed 896K, reserved 1048576K
Event: 0.673 GC heap after
Heap after GC invocations=9 (full 0):
 PSYoungGen      total 5120K, used 1521K [0x0000000795580000, 0x0000000795e80000, 0x00000007c0000000)
  eden space 3584K, 0% used [0x0000000795580000,0x0000000795580000,0x0000000795900000)
  from space 1536K, 99% used [0x0000000795900000,0x0000000795a7c6b8,0x0000000795a80000)
  to   space 1536K, 0% used [0x0000000795d00000,0x0000000795d00000,0x0000000795e80000)
 ParOldGen       total 129536K, used 1231K [0x0000000740000000, 0x0000000747e80000, 0x0000000795580000)
  object space 129536K, 0% used [0x0000000740000000,0x0000000740133c18,0x0000000747e80000)
 Metaspace       used 7217K, capacity 7360K, committed 7552K, reserved 1056768K
  class space    used 838K, capacity 894K, committed 896K, reserved 1048576K
}
Event: 0.929 GC heap before
{Heap before GC invocations=10 (full 0):
 PSYoungGen      total 5120K, used 5105K [0x0000000795580000, 0x0000000795e80000, 0x00000007c0000000)
  eden space 3584K, 100% used [0x0000000795580000,0x0000000795900000,0x0000000795900000)
  from space 1536K, 99% used [0x0000000795900000,0x0000000795a7c6b8,0x0000000795a80000)
  to   space 1536K, 0% used [0x0000000795d00000,0x0000000795d00000,0x0000000795e80000)
 ParOldGen       total 129536K, used 1231K [0x0000000740000000, 0x0000000747e80000, 0x0000000795580000)
  object space 129536K, 0% used [0x0000000740000000,0x0000000740133c18,0x0000000747e80000)
 Metaspace       used 8516K, capacity 8672K, committed 8832K, reserved 1056768K
  class space    used 993K, capacity 1054K, committed 1152K, reserved 1048576K
Event: 0.933 GC heap after
Heap after GC invocations=10 (full 0):
 PSYoungGen      total 7680K, used 1084K [0x0000000795580000, 0x0000000795e80000, 0x00000007c0000000)
  eden space 6144K, 0% used [0x0000000795580000,0x0000000795580000,0x0000000795b80000)
  from space 1536K, 70% used [0x0000000795d00000,0x0000000795e0f038,0x0000000795e80000)
  to   space 1536K, 0% used [0x0000000795b80000,0x0000000795b80000,0x0000000795d00000)
 ParOldGen       total 129536K, used 2127K [0x0000000740000000, 0x0000000747e80000, 0x0000000795580000)
  object space 129536K, 1% used [0x0000000740000000,0x0000000740213c18,0x0000000747e80000)
 Metaspace       used 8516K, capacity 8672K, committed 8832K, reserved 1056768K
  class space    used 993K, capacity 1054K, committed 1152K, reserved 1048576K
}
Event: 1.041 GC heap before
{Heap before GC invocations=11 (full 0):
 PSYoungGen      total 7680K, used 7228K [0x0000000795580000, 0x0000000795e80000, 0x00000007c0000000)
  eden space 6144K, 100% used [0x0000000795580000,0x0000000795b80000,0x0000000795b80000)
  from space 1536K, 70% used [0x0000000795d00000,0x0000000795e0f038,0x0000000795e80000)
  to   space 1536K, 0% used [0x0000000795b80000,0x0000000795b80000,0x0000000795d00000)
 ParOldGen       total 129536K, used 2127K [0x0000000740000000, 0x0000000747e80000, 0x0000000795580000)
  object space 129536K, 1% used [0x0000000740000000,0x0000000740213c18,0x0000000747e80000)
 Metaspace       used 8885K, capacity 9030K, committed 9344K, reserved 1056768K
  class space    used 1035K, capacity 1087K, committed 1152K, reserved 1048576K
Event: 1.044 GC heap after
Heap after GC invocations=11 (full 0):
 PSYoungGen      total 7680K, used 1526K [0x0000000795580000, 0x0000000796380000, 0x00000007c0000000)
  eden space 6144K, 0% used [0x0000000795580000,0x0000000795580000,0x0000000795b80000)
  from space 1536K, 99% used [0x0000000795b80000,0x0000000795cfd9b8,0x0000000795d00000)
  to   space 2048K, 0% used [0x0000000796180000,0x0000000796180000,0x0000000796380000)
 ParOldGen       total 129536K, used 2878K [0x0000000740000000, 0x0000000747e80000, 0x0000000795580000)
  object space 129536K, 2% used [0x0000000740000000,0x00000007402cf9c8,0x0000000747e80000)
 Metaspace       used 8885K, capacity 9030K, committed 9344K, reserved 1056768K
  class space    used 1035K, capacity 1087K, committed 1152K, reserved 1048576K
}

